2021-09-25 14:18:24 INFO  BaseCase:40 - =====================自动化开始=========================
2021-09-25 14:18:25 INFO  HttpUtils:123 - 请求url：http://api.lemonban.com/futureloan/member/register
2021-09-25 14:18:25 INFO  HttpUtils:124 - 请求头：{X-Lemonban-Media-Type=lemonban.v2, Content-Type=application/json}
2021-09-25 14:18:25 INFO  HttpUtils:125 - 请求参数：{"mobile_phone":"19000000000","pwd":""}
2021-09-25 14:18:27 INFO  HttpUtils:142 - 响应体：{"code":1,"msg":"密码为空","data":null,"copyright":"Copyright 柠檬班 © 2017-2020 湖南省零檬信息技术有限公司 All Rights Reserved"}
2021-09-25 14:18:27 ERROR BaseCase:122 - 断言失败：实际值表达式：$.code，实际值：1，期望值：0
2021-09-25 14:18:27 ERROR BaseCase:122 - 断言失败：实际值表达式：$.msg，实际值：密码为空，期望值：OK
2021-09-25 14:18:27 INFO  BaseCase:61 - ==============================================================
2021-09-25 14:18:27 INFO  HttpUtils:123 - 请求url：http://api.lemonban.com/futureloan/member/register
2021-09-25 14:18:27 INFO  HttpUtils:124 - 请求头：{X-Lemonban-Media-Type=lemonban.v2, Content-Type=application/json}
2021-09-25 14:18:27 INFO  HttpUtils:125 - 请求参数：{"mobile_phone":"","pwd":"123456"}
2021-09-25 14:18:27 INFO  HttpUtils:142 - 响应体：{"code":1,"msg":"手机号为空","data":null,"copyright":"Copyright 柠檬班 © 2017-2020 湖南省零檬信息技术有限公司 All Rights Reserved"}
2021-09-25 14:18:27 ERROR BaseCase:122 - 断言失败：实际值表达式：$.code，实际值：1，期望值：0
2021-09-25 14:18:27 ERROR BaseCase:122 - 断言失败：实际值表达式：$.msg，实际值：手机号为空，期望值：OK
2021-09-25 14:18:27 INFO  BaseCase:61 - ==============================================================
2021-09-25 14:18:27 INFO  HttpUtils:123 - 请求url：http://api.lemonban.com/futureloan/member/register
2021-09-25 14:18:27 INFO  HttpUtils:124 - 请求头：{X-Lemonban-Media-Type=lemonban.v2, Content-Type=application/json}
2021-09-25 14:18:27 INFO  HttpUtils:125 - 请求参数：{"mobile_phone":"123","pwd":"123456123"}
2021-09-25 14:18:27 INFO  HttpUtils:142 - 响应体：{"code":2,"msg":"无效的手机格式","data":null,"copyright":"Copyright 柠檬班 © 2017-2020 湖南省零檬信息技术有限公司 All Rights Reserved"}
2021-09-25 14:18:27 ERROR BaseCase:122 - 断言失败：实际值表达式：$.code，实际值：2，期望值：0
2021-09-25 14:18:27 ERROR BaseCase:122 - 断言失败：实际值表达式：$.msg，实际值：无效的手机格式，期望值：OK
2021-09-25 14:18:27 INFO  BaseCase:61 - ==============================================================
2021-09-25 14:18:27 INFO  HttpUtils:123 - 请求url：http://api.lemonban.com/futureloan/member/register
2021-09-25 14:18:27 INFO  HttpUtils:124 - 请求头：{X-Lemonban-Media-Type=lemonban.v2, Content-Type=application/json}
2021-09-25 14:18:27 INFO  HttpUtils:125 - 请求参数：{"mobile_phone":"19000000000","pwd":"12345"}
2021-09-25 14:18:27 INFO  HttpUtils:142 - 响应体：{"code":2,"msg":"密码格式为8到16位","data":null,"copyright":"Copyright 柠檬班 © 2017-2020 湖南省零檬信息技术有限公司 All Rights Reserved"}
2021-09-25 14:18:27 ERROR BaseCase:122 - 断言失败：实际值表达式：$.code，实际值：2，期望值：0
2021-09-25 14:18:27 ERROR BaseCase:122 - 断言失败：实际值表达式：$.msg，实际值：密码格式为8到16位，期望值：OK
2021-09-25 14:18:27 INFO  BaseCase:61 - ==============================================================
2021-09-25 14:18:27 INFO  SqlUtils:64 - 数据库断言SQL语句：select count(*) from member a where a.mobile_phone = '15307365230';
2021-09-25 14:18:27 INFO  HttpUtils:123 - 请求url：http://api.lemonban.com/futureloan/member/register
2021-09-25 14:18:27 INFO  HttpUtils:124 - 请求头：{X-Lemonban-Media-Type=lemonban.v2, Content-Type=application/json}
2021-09-25 14:18:27 INFO  HttpUtils:125 - 请求参数：{"mobile_phone":"15307365230","pwd":"12345678"}
2021-09-25 14:18:28 INFO  HttpUtils:142 - 响应体：{"code":0,"msg":"OK","data":{"id":1236917421,"reg_name":"小柠檬","mobile_phone":"15307365230"},"copyright":"Copyright 柠檬班 © 2017-2020 湖南省零檬信息技术有限公司 All Rights Reserved"}
2021-09-25 14:18:28 INFO  BaseCase:128 - 响应断言成功
2021-09-25 14:18:28 INFO  SqlUtils:64 - 数据库断言SQL语句：select count(*) from member a where a.mobile_phone = '15307365230';
2021-09-25 14:18:28 INFO  BaseCase:61 - ==============================================================
2021-09-25 14:18:28 INFO  HttpUtils:123 - 请求url：http://api.lemonban.com/futureloan/member/register
2021-09-25 14:18:28 INFO  HttpUtils:124 - 请求头：{X-Lemonban-Media-Type=lemonban.v2, Content-Type=application/json}
2021-09-25 14:18:28 INFO  HttpUtils:125 - 请求参数：{"mobile_phone":"15307365230","pwd":"12345678"}
2021-09-25 14:18:28 INFO  HttpUtils:142 - 响应体：{"code":2,"msg":"账号已存在","data":null,"copyright":"Copyright 柠檬班 © 2017-2020 湖南省零檬信息技术有限公司 All Rights Reserved"}
2021-09-25 14:18:28 ERROR BaseCase:122 - 断言失败：实际值表达式：$.code，实际值：2，期望值：0
2021-09-25 14:18:28 ERROR BaseCase:122 - 断言失败：实际值表达式：$.msg，实际值：账号已存在，期望值：OK
2021-09-25 14:18:28 INFO  BaseCase:61 - ==============================================================
2021-09-25 14:18:28 INFO  HttpUtils:123 - 请求url：http://api.lemonban.com/futureloan/member/login
2021-09-25 14:18:28 INFO  HttpUtils:124 - 请求头：{X-Lemonban-Media-Type=lemonban.v2, Content-Type=application/json}
2021-09-25 14:18:28 INFO  HttpUtils:125 - 请求参数：{"mobile_phone":"18912345678","pwd":""}
2021-09-25 14:18:28 INFO  HttpUtils:142 - 响应体：{"code":1,"msg":"密码为空","data":null,"copyright":"Copyright 柠檬班 © 2017-2020 湖南省零檬信息技术有限公司 All Rights Reserved"}
2021-09-25 14:18:28 ERROR BaseCase:122 - 断言失败：实际值表达式：$.msg，实际值：密码为空，期望值：密码为空11
2021-09-25 14:18:28 INFO  BaseCase:61 - ==============================================================
2021-09-25 14:18:28 INFO  HttpUtils:123 - 请求url：http://api.lemonban.com/futureloan/member/login
2021-09-25 14:18:28 INFO  HttpUtils:124 - 请求头：{X-Lemonban-Media-Type=lemonban.v2, Content-Type=application/json}
2021-09-25 14:18:28 INFO  HttpUtils:125 - 请求参数：{"mobile_phone":"","pwd":"123456"}
2021-09-25 14:18:28 INFO  HttpUtils:142 - 响应体：{"code":1,"msg":"手机号码为空","data":null,"copyright":"Copyright 柠檬班 © 2017-2020 湖南省零檬信息技术有限公司 All Rights Reserved"}
2021-09-25 14:18:28 INFO  BaseCase:128 - 响应断言成功
2021-09-25 14:18:28 INFO  BaseCase:61 - ==============================================================
2021-09-25 14:18:28 INFO  HttpUtils:123 - 请求url：http://api.lemonban.com/futureloan/member/login
2021-09-25 14:18:28 INFO  HttpUtils:124 - 请求头：{X-Lemonban-Media-Type=lemonban.v2, Content-Type=application/json}
2021-09-25 14:18:28 INFO  HttpUtils:125 - 请求参数：{"mobile_phone":"123","pwd":"123456123"}
2021-09-25 14:18:28 INFO  HttpUtils:142 - 响应体：{"code":2,"msg":"无效的手机格式","data":null,"copyright":"Copyright 柠檬班 © 2017-2020 湖南省零檬信息技术有限公司 All Rights Reserved"}
2021-09-25 14:18:28 ERROR BaseCase:122 - 断言失败：实际值表达式：$.code，实际值：2，期望值：OK
2021-09-25 14:18:28 ERROR BaseCase:122 - 断言失败：实际值表达式：$.msg，实际值：无效的手机格式，期望值：无效的111手机格式
2021-09-25 14:18:28 INFO  BaseCase:61 - ==============================================================
2021-09-25 14:18:28 INFO  HttpUtils:123 - 请求url：http://api.lemonban.com/futureloan/member/login
2021-09-25 14:18:28 INFO  HttpUtils:124 - 请求头：{X-Lemonban-Media-Type=lemonban.v2, Content-Type=application/json}
2021-09-25 14:18:28 INFO  HttpUtils:125 - 请求参数：{"mobile_phone":"18912345678","pwd":"12345"}
2021-09-25 14:18:28 INFO  HttpUtils:142 - 响应体：{"code":1001,"msg":"账号信息错误","data":null,"copyright":"Copyright 柠檬班 © 2017-2020 湖南省零檬信息技术有限公司 All Rights Reserved"}
2021-09-25 14:18:28 INFO  BaseCase:128 - 响应断言成功
2021-09-25 14:18:28 INFO  BaseCase:61 - ==============================================================
2021-09-25 14:18:28 INFO  HttpUtils:123 - 请求url：http://api.lemonban.com/futureloan/member/login
2021-09-25 14:18:28 INFO  HttpUtils:124 - 请求头：{X-Lemonban-Media-Type=lemonban.v2, Content-Type=application/json}
2021-09-25 14:18:28 INFO  HttpUtils:125 - 请求参数：{"mobile_phone":"13333251004","pwd":"lemon123456"}
2021-09-25 14:18:28 INFO  HttpUtils:142 - 响应体：{"code":1001,"msg":"账号信息错误","data":null,"copyright":"Copyright 柠檬班 © 2017-2020 湖南省零檬信息技术有限公司 All Rights Reserved"}
2021-09-25 14:18:28 INFO  BaseCase:128 - 响应断言成功
2021-09-25 14:18:28 INFO  BaseCase:61 - ==============================================================
2021-09-25 14:18:28 INFO  HttpUtils:123 - 请求url：http://api.lemonban.com/futureloan/member/login
2021-09-25 14:18:28 INFO  HttpUtils:124 - 请求头：{X-Lemonban-Media-Type=lemonban.v2, Content-Type=application/json}
2021-09-25 14:18:28 INFO  HttpUtils:125 - 请求参数：{"mobile_phone":"15307365230","pwd":"12345678"}
2021-09-25 14:18:28 INFO  HttpUtils:142 - 响应体：{"code":0,"msg":"OK","data":{"id":1236917421,"leave_amount":0.0,"mobile_phone":"15307365230","reg_name":"小柠檬","reg_time":"2021-09-25 14:18:25.0","type":1,"token_info":{"token_type":"Bearer","expires_in":"2021-09-25 14:23:26","token":"eyJhbGciOiJIUzUxMiJ9.eyJtZW1iZXJfaWQiOjEyMzY5MTc0MjEsImV4cCI6MTYzMjU1MTAwNn0.8CYGGF7G5ru7NidExC1nxDpidrBUCTINyAkL3lea97ECsg_XehB_lQXnTsAIlefPMmZ90GfGzT7WcIRzuuuOwg"}},"copyright":"Copyright 柠檬班 © 2017-2020 湖南省零檬信息技术有限公司 All Rights Reserved"}
2021-09-25 14:18:28 INFO  BaseCase:128 - 响应断言成功
2021-09-25 14:18:28 INFO  BaseCase:61 - ==============================================================
2021-09-25 14:18:28 INFO  SqlUtils:64 - 数据库断言SQL语句：{"code":1007,"msg":"无权限访问，请检查参数","data":null,"copyright":"Copyright 柠檬班 © 2017-2020 湖南省零檬信息技术有限公司 All Rights Reserved"}
2021-09-25 14:18:29 ERROR SqlUtils:74 - You have an error in your SQL syntax; check the manual that corresponds to your MariaDB server version for the right syntax to use near '{"code":1007,"msg":"无权限访问，请检查参数","data":null,"copyright":"' at line 1 Query: {"code":1007,"msg":"无权限访问，请检查参数","data":null,"copyright":"Copyright 柠檬班 © 2017-2020 湖南省零檬信息技术有限公司 All Rights Reserved"} Parameters: []
2021-09-25 14:18:29 INFO  HttpUtils:123 - 请求url：http://api.lemonban.com/futureloan/member/recharge
2021-09-25 14:18:29 INFO  HttpUtils:124 - 请求头：{Authorization=Bearer eyJhbGciOiJIUzUxMiJ9.eyJtZW1iZXJfaWQiOjEyMzY5MTc0MjEsImV4cCI6MTYzMjU1MTAwNn0.8CYGGF7G5ru7NidExC1nxDpidrBUCTINyAkL3lea97ECsg_XehB_lQXnTsAIlefPMmZ90GfGzT7WcIRzuuuOwg, X-Lemonban-Media-Type=lemonban.v2, Content-Type=application/json}
2021-09-25 14:18:29 INFO  HttpUtils:125 - 请求参数：{"member_id":"-1","amount":"6300"}
2021-09-25 14:18:29 INFO  HttpUtils:142 - 响应体：{"code":1007,"msg":"无权限访问，请检查参数","data":null,"copyright":"Copyright 柠檬班 © 2017-2020 湖南省零檬信息技术有限公司 All Rights Reserved"}
2021-09-25 14:18:29 ERROR BaseCase:122 - 断言失败：实际值表达式：msg，实际值：无权限访问，请检查参数，期望值：OK
2021-09-25 14:18:29 ERROR BaseCase:122 - 断言失败：实际值表达式：code，实际值：1007，期望值：0
2021-09-25 14:18:29 INFO  SqlUtils:64 - 数据库断言SQL语句：{"code":1007,"msg":"无权限访问，请检查参数","data":null,"copyright":"Copyright 柠檬班 © 2017-2020 湖南省零檬信息技术有限公司 All Rights Reserved"}
2021-09-25 14:18:29 ERROR SqlUtils:74 - You have an error in your SQL syntax; check the manual that corresponds to your MariaDB server version for the right syntax to use near '{"code":1007,"msg":"无权限访问，请检查参数","data":null,"copyright":"' at line 1 Query: {"code":1007,"msg":"无权限访问，请检查参数","data":null,"copyright":"Copyright 柠檬班 © 2017-2020 湖南省零檬信息技术有限公司 All Rights Reserved"} Parameters: []
2021-09-25 14:18:29 INFO  BaseCase:61 - ==============================================================
2021-09-25 14:18:29 INFO  SqlUtils:64 - 数据库断言SQL语句：{"code":2,"msg":"余额必须大于0并且小于或者等于500000","data":null,"copyright":"Copyright 柠檬班 © 2017-2020 湖南省零檬信息技术有限公司 All Rights Reserved"}
2021-09-25 14:18:29 ERROR SqlUtils:74 - You have an error in your SQL syntax; check the manual that corresponds to your MariaDB server version for the right syntax to use near '{"code":2,"msg":"余额必须大于0并且小于或者等于500000","data":null,' at line 1 Query: {"code":2,"msg":"余额必须大于0并且小于或者等于500000","data":null,"copyright":"Copyright 柠檬班 © 2017-2020 湖南省零檬信息技术有限公司 All Rights Reserved"} Parameters: []
2021-09-25 14:18:29 INFO  HttpUtils:123 - 请求url：http://api.lemonban.com/futureloan/member/recharge
2021-09-25 14:18:29 INFO  HttpUtils:124 - 请求头：{Authorization=Bearer eyJhbGciOiJIUzUxMiJ9.eyJtZW1iZXJfaWQiOjEyMzY5MTc0MjEsImV4cCI6MTYzMjU1MTAwNn0.8CYGGF7G5ru7NidExC1nxDpidrBUCTINyAkL3lea97ECsg_XehB_lQXnTsAIlefPMmZ90GfGzT7WcIRzuuuOwg, X-Lemonban-Media-Type=lemonban.v2, Content-Type=application/json}
2021-09-25 14:18:29 INFO  HttpUtils:125 - 请求参数：{"member_id":"1236917421","amount":"1116300"}
2021-09-25 14:18:29 INFO  HttpUtils:142 - 响应体：{"code":2,"msg":"余额必须大于0并且小于或者等于500000","data":null,"copyright":"Copyright 柠檬班 © 2017-2020 湖南省零檬信息技术有限公司 All Rights Reserved"}
2021-09-25 14:18:29 ERROR BaseCase:122 - 断言失败：实际值表达式：msg，实际值：余额必须大于0并且小于或者等于500000，期望值：OK
2021-09-25 14:18:29 ERROR BaseCase:122 - 断言失败：实际值表达式：code，实际值：2，期望值：0
2021-09-25 14:18:29 INFO  SqlUtils:64 - 数据库断言SQL语句：{"code":2,"msg":"余额必须大于0并且小于或者等于500000","data":null,"copyright":"Copyright 柠檬班 © 2017-2020 湖南省零檬信息技术有限公司 All Rights Reserved"}
2021-09-25 14:18:29 ERROR SqlUtils:74 - You have an error in your SQL syntax; check the manual that corresponds to your MariaDB server version for the right syntax to use near '{"code":2,"msg":"余额必须大于0并且小于或者等于500000","data":null,' at line 1 Query: {"code":2,"msg":"余额必须大于0并且小于或者等于500000","data":null,"copyright":"Copyright 柠檬班 © 2017-2020 湖南省零檬信息技术有限公司 All Rights Reserved"} Parameters: []
2021-09-25 14:18:29 INFO  BaseCase:61 - ==============================================================
2021-09-25 14:18:29 INFO  SqlUtils:64 - 数据库断言SQL语句：{"code":2,"msg":"余额必须大于0并且小于或者等于500000","data":null,"copyright":"Copyright 柠檬班 © 2017-2020 湖南省零檬信息技术有限公司 All Rights Reserved"}
2021-09-25 14:18:29 ERROR SqlUtils:74 - You have an error in your SQL syntax; check the manual that corresponds to your MariaDB server version for the right syntax to use near '{"code":2,"msg":"余额必须大于0并且小于或者等于500000","data":null,' at line 1 Query: {"code":2,"msg":"余额必须大于0并且小于或者等于500000","data":null,"copyright":"Copyright 柠檬班 © 2017-2020 湖南省零檬信息技术有限公司 All Rights Reserved"} Parameters: []
2021-09-25 14:18:29 INFO  HttpUtils:123 - 请求url：http://api.lemonban.com/futureloan/member/recharge
2021-09-25 14:18:29 INFO  HttpUtils:124 - 请求头：{Authorization=Bearer eyJhbGciOiJIUzUxMiJ9.eyJtZW1iZXJfaWQiOjEyMzY5MTc0MjEsImV4cCI6MTYzMjU1MTAwNn0.8CYGGF7G5ru7NidExC1nxDpidrBUCTINyAkL3lea97ECsg_XehB_lQXnTsAIlefPMmZ90GfGzT7WcIRzuuuOwg, X-Lemonban-Media-Type=lemonban.v2, Content-Type=application/json}
2021-09-25 14:18:29 INFO  HttpUtils:125 - 请求参数：{"member_id":"1236917421","amount":"-6300"}
2021-09-25 14:18:29 INFO  HttpUtils:142 - 响应体：{"code":2,"msg":"余额必须大于0并且小于或者等于500000","data":null,"copyright":"Copyright 柠檬班 © 2017-2020 湖南省零檬信息技术有限公司 All Rights Reserved"}
2021-09-25 14:18:29 ERROR BaseCase:122 - 断言失败：实际值表达式：msg，实际值：余额必须大于0并且小于或者等于500000，期望值：OK
2021-09-25 14:18:29 ERROR BaseCase:122 - 断言失败：实际值表达式：code，实际值：2，期望值：0
2021-09-25 14:18:29 INFO  SqlUtils:64 - 数据库断言SQL语句：{"code":2,"msg":"余额必须大于0并且小于或者等于500000","data":null,"copyright":"Copyright 柠檬班 © 2017-2020 湖南省零檬信息技术有限公司 All Rights Reserved"}
2021-09-25 14:18:29 ERROR SqlUtils:74 - You have an error in your SQL syntax; check the manual that corresponds to your MariaDB server version for the right syntax to use near '{"code":2,"msg":"余额必须大于0并且小于或者等于500000","data":null,' at line 1 Query: {"code":2,"msg":"余额必须大于0并且小于或者等于500000","data":null,"copyright":"Copyright 柠檬班 © 2017-2020 湖南省零檬信息技术有限公司 All Rights Reserved"} Parameters: []
2021-09-25 14:18:29 INFO  BaseCase:61 - ==============================================================
2021-09-25 14:18:29 INFO  SqlUtils:64 - 数据库断言SQL语句：{"code":2,"msg":"余额必须为数值型","data":null,"copyright":"Copyright 柠檬班 © 2017-2020 湖南省零檬信息技术有限公司 All Rights Reserved"}
2021-09-25 14:18:29 ERROR SqlUtils:74 - You have an error in your SQL syntax; check the manual that corresponds to your MariaDB server version for the right syntax to use near '{"code":2,"msg":"余额必须为数值型","data":null,"copyright":"Copyright ' at line 1 Query: {"code":2,"msg":"余额必须为数值型","data":null,"copyright":"Copyright 柠檬班 © 2017-2020 湖南省零檬信息技术有限公司 All Rights Reserved"} Parameters: []
2021-09-25 14:18:29 INFO  HttpUtils:123 - 请求url：http://api.lemonban.com/futureloan/member/recharge
2021-09-25 14:18:29 INFO  HttpUtils:124 - 请求头：{Authorization=Bearer eyJhbGciOiJIUzUxMiJ9.eyJtZW1iZXJfaWQiOjEyMzY5MTc0MjEsImV4cCI6MTYzMjU1MTAwNn0.8CYGGF7G5ru7NidExC1nxDpidrBUCTINyAkL3lea97ECsg_XehB_lQXnTsAIlefPMmZ90GfGzT7WcIRzuuuOwg, X-Lemonban-Media-Type=lemonban.v2, Content-Type=application/json}
2021-09-25 14:18:29 INFO  HttpUtils:125 - 请求参数：{"member_id":"1236917421","amount":"SSS"}
2021-09-25 14:18:29 INFO  HttpUtils:142 - 响应体：{"code":2,"msg":"余额必须为数值型","data":null,"copyright":"Copyright 柠檬班 © 2017-2020 湖南省零檬信息技术有限公司 All Rights Reserved"}
2021-09-25 14:18:29 ERROR BaseCase:122 - 断言失败：实际值表达式：msg，实际值：余额必须为数值型，期望值：OK
2021-09-25 14:18:29 ERROR BaseCase:122 - 断言失败：实际值表达式：code，实际值：2，期望值：0
2021-09-25 14:18:29 INFO  SqlUtils:64 - 数据库断言SQL语句：{"code":2,"msg":"余额必须为数值型","data":null,"copyright":"Copyright 柠檬班 © 2017-2020 湖南省零檬信息技术有限公司 All Rights Reserved"}
2021-09-25 14:18:29 ERROR SqlUtils:74 - You have an error in your SQL syntax; check the manual that corresponds to your MariaDB server version for the right syntax to use near '{"code":2,"msg":"余额必须为数值型","data":null,"copyright":"Copyright ' at line 1 Query: {"code":2,"msg":"余额必须为数值型","data":null,"copyright":"Copyright 柠檬班 © 2017-2020 湖南省零檬信息技术有限公司 All Rights Reserved"} Parameters: []
2021-09-25 14:18:29 INFO  BaseCase:61 - ==============================================================
2021-09-25 14:18:29 INFO  SqlUtils:64 - 数据库断言SQL语句：{"code":1007,"msg":"无权限访问，请检查参数","data":null,"copyright":"Copyright 柠檬班 © 2017-2020 湖南省零檬信息技术有限公司 All Rights Reserved"}
2021-09-25 14:18:29 ERROR SqlUtils:74 - You have an error in your SQL syntax; check the manual that corresponds to your MariaDB server version for the right syntax to use near '{"code":1007,"msg":"无权限访问，请检查参数","data":null,"copyright":"' at line 1 Query: {"code":1007,"msg":"无权限访问，请检查参数","data":null,"copyright":"Copyright 柠檬班 © 2017-2020 湖南省零檬信息技术有限公司 All Rights Reserved"} Parameters: []
2021-09-25 14:18:29 INFO  HttpUtils:123 - 请求url：http://api.lemonban.com/futureloan/member/recharge
2021-09-25 14:18:29 INFO  HttpUtils:124 - 请求头：{Authorization=Bearer eyJhbGciOiJIUzUxMiJ9.eyJtZW1iZXJfaWQiOjEyMzY5MTc0MjEsImV4cCI6MTYzMjU1MTAwNn0.8CYGGF7G5ru7NidExC1nxDpidrBUCTINyAkL3lea97ECsg_XehB_lQXnTsAIlefPMmZ90GfGzT7WcIRzuuuOwg, X-Lemonban-Media-Type=lemonban.v2, Content-Type=application/json}
2021-09-25 14:18:29 INFO  HttpUtils:125 - 请求参数：{"member_id":"11","amount":"11"}
2021-09-25 14:18:29 INFO  HttpUtils:142 - 响应体：{"code":1007,"msg":"无权限访问，请检查参数","data":null,"copyright":"Copyright 柠檬班 © 2017-2020 湖南省零檬信息技术有限公司 All Rights Reserved"}
2021-09-25 14:18:29 ERROR BaseCase:122 - 断言失败：实际值表达式：msg，实际值：无权限访问，请检查参数，期望值：OK
2021-09-25 14:18:29 ERROR BaseCase:122 - 断言失败：实际值表达式：code，实际值：1007，期望值：0
2021-09-25 14:18:29 ERROR BaseCase:122 - 断言失败：实际值表达式：data.id，实际值：null，期望值：11
2021-09-25 14:18:29 INFO  SqlUtils:64 - 数据库断言SQL语句：{"code":1007,"msg":"无权限访问，请检查参数","data":null,"copyright":"Copyright 柠檬班 © 2017-2020 湖南省零檬信息技术有限公司 All Rights Reserved"}
2021-09-25 14:18:29 ERROR SqlUtils:74 - You have an error in your SQL syntax; check the manual that corresponds to your MariaDB server version for the right syntax to use near '{"code":1007,"msg":"无权限访问，请检查参数","data":null,"copyright":"' at line 1 Query: {"code":1007,"msg":"无权限访问，请检查参数","data":null,"copyright":"Copyright 柠檬班 © 2017-2020 湖南省零檬信息技术有限公司 All Rights Reserved"} Parameters: []
2021-09-25 14:18:29 INFO  BaseCase:61 - ==============================================================
2021-09-25 14:18:29 INFO  SqlUtils:64 - 数据库断言SQL语句：{"code":0,"msg":"OK","data":{"id":1236917419,"leave_amount":0.01,"mobile_phone":"15771686404","reg_name":"小柠檬","reg_time":"2021-09-25 14:15:47.0","type":1},"copyright":"Copyright 柠檬班 © 2017-2020 湖南省零檬信息技术有限公司 All Rights Reserved"}
2021-09-25 14:18:29 ERROR SqlUtils:74 - You have an error in your SQL syntax; check the manual that corresponds to your MariaDB server version for the right syntax to use near '{"code":0,"msg":"OK","data":{"id":1236917419,"leave_amount":0.01,"mobile_phone":' at line 1 Query: {"code":0,"msg":"OK","data":{"id":1236917419,"leave_amount":0.01,"mobile_phone":"15771686404","reg_name":"小柠檬","reg_time":"2021-09-25 14:15:47.0","type":1},"copyright":"Copyright 柠檬班 © 2017-2020 湖南省零檬信息技术有限公司 All Rights Reserved"} Parameters: []
2021-09-25 14:18:29 INFO  HttpUtils:123 - 请求url：http://api.lemonban.com/futureloan/member/recharge
2021-09-25 14:18:29 INFO  HttpUtils:124 - 请求头：{Authorization=Bearer eyJhbGciOiJIUzUxMiJ9.eyJtZW1iZXJfaWQiOjEyMzY5MTc0MjEsImV4cCI6MTYzMjU1MTAwNn0.8CYGGF7G5ru7NidExC1nxDpidrBUCTINyAkL3lea97ECsg_XehB_lQXnTsAIlefPMmZ90GfGzT7WcIRzuuuOwg, X-Lemonban-Media-Type=lemonban.v2, Content-Type=application/json}
2021-09-25 14:18:30 INFO  HttpUtils:125 - 请求参数：{"member_id":"1236917421","amount":"0.01"}
2021-09-25 14:18:30 INFO  HttpUtils:142 - 响应体：{"code":0,"msg":"OK","data":{"id":1236917421,"leave_amount":0.01,"mobile_phone":"15307365230","reg_name":"小柠檬","reg_time":"2021-09-25 14:18:25.0","type":1},"copyright":"Copyright 柠檬班 © 2017-2020 湖南省零檬信息技术有限公司 All Rights Reserved"}
2021-09-25 14:18:30 INFO  BaseCase:128 - 响应断言成功
2021-09-25 14:18:30 INFO  SqlUtils:64 - 数据库断言SQL语句：{"code":0,"msg":"OK","data":{"id":1236917419,"leave_amount":0.01,"mobile_phone":"15771686404","reg_name":"小柠檬","reg_time":"2021-09-25 14:15:47.0","type":1},"copyright":"Copyright 柠檬班 © 2017-2020 湖南省零檬信息技术有限公司 All Rights Reserved"}
2021-09-25 14:18:30 ERROR SqlUtils:74 - You have an error in your SQL syntax; check the manual that corresponds to your MariaDB server version for the right syntax to use near '{"code":0,"msg":"OK","data":{"id":1236917419,"leave_amount":0.01,"mobile_phone":' at line 1 Query: {"code":0,"msg":"OK","data":{"id":1236917419,"leave_amount":0.01,"mobile_phone":"15771686404","reg_name":"小柠檬","reg_time":"2021-09-25 14:15:47.0","type":1},"copyright":"Copyright 柠檬班 © 2017-2020 湖南省零檬信息技术有限公司 All Rights Reserved"} Parameters: []
2021-09-25 14:18:30 INFO  BaseCase:61 - ==============================================================
2021-09-25 14:18:30 INFO  BaseCase:67 - ====tearDown====
